<?xml version="1.0" encoding="UTF-8"?>
<!-- Generated by org.testng.reporters.JUnitReportReporter -->
<testsuite hostname="DESKTOP-I3QBGGF" failures="0" tests="3" name="magentoLab.magentoTest" time="15.239" errors="0" timestamp="2023-12-04T18:34:52 EET" skipped="0">
  <testcase classname="magentoLab.magentoTest" name="Contact" time="8.697"/>
  <system-out/>
  <testcase classname="magentoLab.magentoTest" name="LogoutTest" time="2.542"/>
  <system-out/>
  <testcase classname="magentoLab.magentoTest" name="LoginTest" time="4.000"/>
  <system-out/>
</testsuite> <!-- magentoLab.magentoTest -->
